<?xml version="1.0" encoding="UTF-8" ?>
<testsuite failures="0" time="0.007" errors="0" skipped="0" tests="2" name="org.sonar.plugins.qualityprofile.progression.server.ProfileProgressedEmailTemplateTest">
  <properties>
[...]
</properties>
  <testcase time="0.004" classname="org.sonar.plugins.qualityprofile.progression.server.ProfileProgressedEmailTemplateTest" name="testProgressedNotification"/>
  <testcase time="0.003" classname="org.sonar.plugins.qualityprofile.progression.server.ProfileProgressedEmailTemplateTest" name="testNotProgressedNotification"/>
</testsuite>